<?xml version="1.0" encoding="UTF-8"?>
<robot generator="Robot 5.0.1 (Python 3.9.13 on win32)" generated="20230419 02:25:05.029" rpa="true" schemaversion="3">
<suite id="s1" name="Tasks" source="c:\Users\A.M.R Studios\Desktop\Demo\my-rsb-robot\tasks.robot">
<test id="s1-t1" name="Insert the sales data for the week and export it as a PDF" line="11">
<kw name="Open the intranet website">
<kw name="Open Available Browser" library="RPA.Browser.Selenium">
<arg>https://robotsparebinindustries.com/</arg>
<doc>Attempts to open a browser on the user's device from a set of
supported browsers. Automatically downloads a corresponding webdriver
if none is already installed.</doc>
<msg timestamp="20230419 02:25:11.809" level="INFO">Creating an instance of the Chrome WebDriver.</msg>
<msg timestamp="20230419 02:25:11.842" level="INFO">====== WebDriver manager ======</msg>
<msg timestamp="20230419 02:25:15.304" level="INFO">Creating an instance of the Chrome WebDriver.</msg>
<msg timestamp="20230419 02:25:17.909" level="INFO">Creating an instance of the Firefox WebDriver.</msg>
<msg timestamp="20230419 02:25:17.937" level="INFO">====== WebDriver manager ======</msg>
<msg timestamp="20230419 02:25:20.994" level="INFO">Creating an instance of the Firefox WebDriver.</msg>
<msg timestamp="20230419 02:25:24.093" level="INFO">Creating an instance of the ChromiumEdge WebDriver.</msg>
<msg timestamp="20230419 02:25:24.109" level="INFO">====== WebDriver manager ======</msg>
<msg timestamp="20230419 02:25:25.983" level="INFO">Creating an instance of the ChromiumEdge WebDriver.</msg>
<msg timestamp="20230419 02:25:31.172" level="INFO">Created ChromiumEdge browser with arguments: </msg>
<msg timestamp="20230419 02:25:31.173" level="INFO" html="true">&lt;p&gt;Attempted combinations:&lt;/p&gt;&lt;div class="doc"&gt;&lt;table&gt;&lt;tr&gt;&lt;th&gt;Browser&lt;/th&gt;&lt;th&gt;Download&lt;/th&gt;&lt;th&gt;Error&lt;/th&gt;&lt;/tr&gt;&lt;tr&gt;&lt;td&gt;Chrome&lt;/td&gt;&lt;td&gt;False&lt;/td&gt;&lt;td&gt;Message: 'chromedriver' executable needs to be in PATH. Please see https://chromedriver.chromium.org/home
&lt;/td&gt;&lt;/tr&gt;&lt;tr&gt;&lt;td&gt;Chrome&lt;/td&gt;&lt;td&gt;True&lt;/td&gt;&lt;td&gt;Message: unknown error: cannot find Chrome binary
Stacktrace:
Backtrace:
	GetHandleVerifier [0x006BDCE3+50899]
	(No symbol) [0x0064E111]
	(No symbol) [0x00555588]
	(No symbol) [0x00570AAB]
	(No symbol) [0x0056F479]
	(No symbol) [0x005A1FFE]
	(No symbol) [0x005A1CEC]
	(No symbol) [0x0059B6F6]
	(No symbol) [0x00577708]
	(No symbol) [0x0057886D]
	GetHandleVerifier [0x00923EAE+2566302]
	GetHandleVerifier [0x009592B1+2784417]
	GetHandleVerifier [0x0095327C+2759788]
	GetHandleVerifier [0x00755740+672048]
	(No symbol) [0x00658872]
	(No symbol) [0x006541C8]
	(No symbol) [0x006542AB]
	(No symbol) [0x006471B7]
	BaseThreadInitThunk [0x77360099+25]
	RtlGetAppContainerNamedObjectPath [0x77927B6E+286]
	RtlGetAppContainerNamedObjectPath [0x77927B3E+238]
&lt;/td&gt;&lt;/tr&gt;&lt;tr&gt;&lt;td&gt;Firefox&lt;/td&gt;&lt;td&gt;False&lt;/td&gt;&lt;td&gt;Message: 'geckodriver' executable needs to be in PATH. 
&lt;/td&gt;&lt;/tr&gt;&lt;tr&gt;&lt;td&gt;Firefox&lt;/td&gt;&lt;td&gt;True&lt;/td&gt;&lt;td&gt;Message: Expected browser binary location, but unable to find binary in default location, no 'moz:firefoxOptions.binary' capability provided, and no binary flag set on the command line
&lt;/td&gt;&lt;/tr&gt;&lt;tr&gt;&lt;td&gt;ChromiumEdge&lt;/td&gt;&lt;td&gt;False&lt;/td&gt;&lt;td&gt;Message: 'msedgedriver' executable needs to be in PATH. Please download from https://developer.microsoft.com/en-us/microsoft-edge/tools/webdriver/
&lt;/td&gt;&lt;/tr&gt;&lt;tr&gt;&lt;td&gt;ChromiumEdge&lt;/td&gt;&lt;td&gt;True&lt;/td&gt;&lt;td&gt;&lt;/td&gt;&lt;/tr&gt;&lt;/table&gt;&lt;/div&gt;</msg>
<msg timestamp="20230419 02:25:31.173" level="INFO">Opening url 'https://robotsparebinindustries.com/'</msg>
<status status="PASS" starttime="20230419 02:25:11.805" endtime="20230419 02:25:37.704"/>
</kw>
<status status="PASS" starttime="20230419 02:25:11.804" endtime="20230419 02:25:37.705"/>
</kw>
<kw name="Log in">
<kw name="Input Text" library="RPA.Browser.Selenium">
<arg>username</arg>
<arg>maria</arg>
<doc>Types the given ``text`` into the text field identified by ``locator``.</doc>
<msg timestamp="20230419 02:25:37.718" level="INFO">Typing text 'maria' into text field 'username'.</msg>
<status status="PASS" starttime="20230419 02:25:37.715" endtime="20230419 02:25:41.951"/>
</kw>
<kw name="Input Password" library="RPA.Browser.Selenium">
<arg>password</arg>
<arg>thoushallnotpass</arg>
<doc>Types the given password into the text field identified by ``locator``.</doc>
<msg timestamp="20230419 02:25:41.954" level="INFO">Typing password into text field 'password'.</msg>
<msg timestamp="20230419 02:25:42.234" level="INFO">Temporally setting log level to: NONE</msg>
<msg timestamp="20230419 02:25:42.411" level="INFO">Log level changed from NONE to INFO.</msg>
<status status="PASS" starttime="20230419 02:25:41.952" endtime="20230419 02:25:42.412"/>
</kw>
<kw name="Submit Form" library="RPA.Browser.Selenium">
<doc>Submits a form identified by ``locator``.</doc>
<msg timestamp="20230419 02:25:42.416" level="INFO">Submitting form 'None'.</msg>
<status status="PASS" starttime="20230419 02:25:42.414" endtime="20230419 02:25:42.535"/>
</kw>
<kw name="Wait Until Page Contains Element" library="RPA.Browser.Selenium">
<arg>id:sales-form</arg>
<doc>Waits until the element ``locator`` appears on the current page.</doc>
<status status="PASS" starttime="20230419 02:25:42.536" endtime="20230419 02:25:43.230"/>
</kw>
<status status="PASS" starttime="20230419 02:25:37.709" endtime="20230419 02:25:43.231"/>
</kw>
<kw name="Download the Excel file">
<kw name="Download" library="RPA.HTTP">
<arg>https://robotsparebinindustries.com/SalesData.xlsx</arg>
<doc>An alias for the ``HTTP Get`` keyword.</doc>
<msg timestamp="20230419 02:25:43.239" level="INFO">Creating a new HTTP session</msg>
<msg timestamp="20230419 02:25:43.240" level="INFO">Creating Session using : alias=rpasession_alias.httpsrobotsparebinindustries.com, url=https://robotsparebinindustries.com, headers={},                     cookies={}, auth=None, timeout=None, proxies=None, verify=True,                     debug=0 </msg>
<status status="PASS" starttime="20230419 02:25:43.237" endtime="20230419 02:25:45.236"/>
</kw>
<status status="PASS" starttime="20230419 02:25:43.234" endtime="20230419 02:25:45.236"/>
</kw>
<kw name="Fill the form using the data from the Excel file">
<kw name="Open Workbook" library="RPA.Excel.Files">
<arg>salesData.xlsx</arg>
<doc>Open an existing Excel workbook.</doc>
<msg timestamp="20230419 02:25:45.960" level="INFO">Opened workbook: &lt;RPA.Excel.Files.XlsxWorkbook object at 0x000002081B688220&gt;</msg>
<status status="PASS" starttime="20230419 02:25:45.240" endtime="20230419 02:25:45.961"/>
</kw>
<kw name="Read Worksheet As Table" library="RPA.Excel.Files">
<var>${sales_rep}</var>
<arg>header=True</arg>
<doc>Read the contents of a worksheet into a Table container. Allows
sorting/filtering/manipulating using the ``RPA.Tables`` library.</doc>
<msg timestamp="20230419 02:25:45.964" level="INFO">Created table: Table(columns=['First Name', 'Last Name', 'Sales', 'Sales Target'], rows=50)</msg>
<msg timestamp="20230419 02:25:45.965" level="INFO">${sales_rep} = Table(columns=['First Name', 'Last Name', 'Sales', 'Sales Target'], rows=50)</msg>
<status status="PASS" starttime="20230419 02:25:45.961" endtime="20230419 02:25:45.965"/>
</kw>
<kw name="Close Window" library="RPA.Browser.Selenium">
<doc>Closes currently opened and selected browser window/tab.</doc>
<status status="PASS" starttime="20230419 02:25:45.966" endtime="20230419 02:25:46.567"/>
</kw>
<status status="PASS" starttime="20230419 02:25:45.238" endtime="20230419 02:25:46.568"/>
</kw>
<kw name="Fill and submit the form">
<kw name="Input Text" library="RPA.Browser.Selenium">
<arg>firstname</arg>
<arg>John</arg>
<doc>Types the given ``text`` into the text field identified by ``locator``.</doc>
<msg timestamp="20230419 02:25:46.574" level="INFO">Typing text 'John' into text field 'firstname'.</msg>
<msg timestamp="20230419 02:25:47.536" level="WARN">Keyword 'Capture Page Screenshot' could not be run on failure: Message: invalid session id
Stacktrace:
Backtrace:
	GetHandleVerifier [0x00007FF603FEDF52+60274]
	Microsoft::Applications::Events::EventProperty::~EventProperty [0x00007FF603F7EBB2+818866]
	(No symbol) [0x00007FF603C0DE16]
	(No symbol) [0x00007FF603C4004D]
	(No symbol) [0x00007FF603C6F462]
	(No symbol) [0x00007FF603C3F5A1]
	(No symbol) [0x00007FF603C6BA31]
	(No symbol) [0x00007FF603C6B33A]
	(No symbol) [0x00007FF603BDDB20]
	Microsoft::Applications::Events::EventProperties::SetLevel [0x00007FF603E827E7+1593703]
	Microsoft::Applications::Events::EventProperties::SetLevel [0x00007FF603D2AC6D+185837]
	Microsoft::Applications::Events::EventProperty::~EventProperty [0x00007FF603EBFD57+36951]
	Microsoft::Applications::Events::EventProperty::~EventProperty [0x00007FF603EB7E65+4453]
	Microsoft::Applications::Events::ILogManager::DispatchEventBroadcast [0x00007FF6041BFD73+1319011]
	Microsoft::Applications::Events::EventProperty::~EventProperty [0x00007FF603F86C6C+851820]
	(No symbol) [0x00007FF603BDC9D6]
	Microsoft::Applications::Events::time_ticks_t::time_ticks_t [0x00007FF6041EF2F8+128456]
	BaseThreadInitThunk [0x00007FFF4DBD7604+20]
	RtlUserThreadStart [0x00007FFF4EE226A1+33]
</msg>
<msg timestamp="20230419 02:25:47.552" level="FAIL">InvalidSessionIdException: Message: invalid session id
Stacktrace:
Backtrace:
	GetHandleVerifier [0x00007FF603FEDF52+60274]
	Microsoft::Applications::Events::EventProperty::~EventProperty [0x00007FF603F7EBB2+818866]
	(No symbol) [0x00007FF603C0DE16]
	(No symbol) [0x00007FF603C404AD]
	(No symbol) [0x00007FF603C41F04]
	Microsoft::Applications::Events::EventProperties::SetLevel [0x00007FF603E827E7+1593703]
	Microsoft::Applications::Events::EventProperties::SetLevel [0x00007FF603D2AC6D+185837]
	Microsoft::Applications::Events::EventProperty::~EventProperty [0x00007FF603EBFD57+36951]
	Microsoft::Applications::Events::EventProperty::~EventProperty [0x00007FF603EB7E65+4453]
	Microsoft::Applications::Events::ILogManager::DispatchEventBroadcast [0x00007FF6041BFD73+1319011]
	Microsoft::Applications::Events::EventProperty::~EventProperty [0x00007FF603F86C6C+851820]
	Microsoft::Applications::Events::EventProperty::~EventProperty [0x00007FF603F82CD4+835540]
	Microsoft::Applications::Events::EventProperty::~EventProperty [0x00007FF603F82E2C+835884]
	Microsoft::Applications::Events::EventProperty::~EventProperty [0x00007FF603F78A01+793857]
	BaseThreadInitThunk [0x00007FFF4DBD7604+20]
	RtlUserThreadStart [0x00007FFF4EE226A1+33]
</msg>
<status status="FAIL" starttime="20230419 02:25:46.572" endtime="20230419 02:25:47.564"/>
</kw>
<kw name="Input Text" library="RPA.Browser.Selenium">
<arg>lastname</arg>
<arg>Smith</arg>
<doc>Types the given ``text`` into the text field identified by ``locator``.</doc>
<status status="NOT RUN" starttime="20230419 02:25:47.566" endtime="20230419 02:25:47.566"/>
</kw>
<kw name="Input Text" library="RPA.Browser.Selenium">
<arg>salesresult</arg>
<arg>123</arg>
<doc>Types the given ``text`` into the text field identified by ``locator``.</doc>
<status status="NOT RUN" starttime="20230419 02:25:47.567" endtime="20230419 02:25:47.568"/>
</kw>
<kw name="Select From List By Value" library="RPA.Browser.Selenium">
<arg>salestarget</arg>
<arg>10000</arg>
<doc>Selects options from selection list ``locator`` by ``values``.</doc>
<status status="NOT RUN" starttime="20230419 02:25:47.568" endtime="20230419 02:25:47.569"/>
</kw>
<kw name="Click Button" library="RPA.Browser.Selenium">
<arg>Submit</arg>
<doc>Clicks the button identified by ``locator``.</doc>
<status status="NOT RUN" starttime="20230419 02:25:47.569" endtime="20230419 02:25:47.570"/>
</kw>
<status status="FAIL" starttime="20230419 02:25:46.570" endtime="20230419 02:25:47.571"/>
</kw>
<status status="FAIL" starttime="20230419 02:25:11.798" endtime="20230419 02:25:47.576">InvalidSessionIdException: Message: invalid session id
Stacktrace:
Backtrace:
	GetHandleVerifier [0x00007FF603FEDF52+60274]
	Microsoft::Applications::Events::EventProperty::~EventProperty [0x00007FF603F7EBB2+818866]
	(No symbol) [0x00007FF603C0DE16]
	(No symbol) [0x00007FF603C404AD]
	(No symbol) [0x00007FF603C41F04]
	Microsoft::Applications::Events::EventProperties::SetLevel [0x00007FF603E827E7+1593703]
	Microsoft::Applications::Events::EventProperties::SetLevel [0x00007FF603D2AC6D+185837]
	Microsoft::Applications::Events::EventProperty::~EventProperty [0x00007FF603EBFD57+36951]
	Microsoft::Applications::Events::EventProperty::~EventProperty [0x00007FF603EB7E65+4453]
	Microsoft::Applications::Events::ILogManager::DispatchEventBroadcast [0x00007FF6041BFD73+1319011]
	Microsoft::Applications::Events::EventProperty::~EventProperty [0x00007FF603F86C6C+851820]
	Microsoft::Applications::Events::EventProperty::~EventProperty [0x00007FF603F82CD4+835540]
	Microsoft::Applications::Events::EventProperty::~EventProperty [0x00007FF603F82E2C+835884]
	Microsoft::Applications::Events::EventProperty::~EventProperty [0x00007FF603F78A01+793857]
	BaseThreadInitThunk [0x00007FFF4DBD7604+20]
	RtlUserThreadStart [0x00007FFF4EE226A1+33]
</status>
</test>
<doc>Insert the sales data for the week and export it as a PDF.</doc>
<status status="FAIL" starttime="20230419 02:25:05.116" endtime="20230419 02:25:47.597"/>
</suite>
<statistics>
<total>
<stat pass="0" fail="1" skip="0">All Tasks</stat>
</total>
<tag>
</tag>
<suite>
<stat pass="0" fail="1" skip="0" id="s1" name="Tasks">Tasks</stat>
</suite>
</statistics>
<errors>
<msg timestamp="20230419 02:25:47.536" level="WARN">Keyword 'Capture Page Screenshot' could not be run on failure: Message: invalid session id
Stacktrace:
Backtrace:
	GetHandleVerifier [0x00007FF603FEDF52+60274]
	Microsoft::Applications::Events::EventProperty::~EventProperty [0x00007FF603F7EBB2+818866]
	(No symbol) [0x00007FF603C0DE16]
	(No symbol) [0x00007FF603C4004D]
	(No symbol) [0x00007FF603C6F462]
	(No symbol) [0x00007FF603C3F5A1]
	(No symbol) [0x00007FF603C6BA31]
	(No symbol) [0x00007FF603C6B33A]
	(No symbol) [0x00007FF603BDDB20]
	Microsoft::Applications::Events::EventProperties::SetLevel [0x00007FF603E827E7+1593703]
	Microsoft::Applications::Events::EventProperties::SetLevel [0x00007FF603D2AC6D+185837]
	Microsoft::Applications::Events::EventProperty::~EventProperty [0x00007FF603EBFD57+36951]
	Microsoft::Applications::Events::EventProperty::~EventProperty [0x00007FF603EB7E65+4453]
	Microsoft::Applications::Events::ILogManager::DispatchEventBroadcast [0x00007FF6041BFD73+1319011]
	Microsoft::Applications::Events::EventProperty::~EventProperty [0x00007FF603F86C6C+851820]
	(No symbol) [0x00007FF603BDC9D6]
	Microsoft::Applications::Events::time_ticks_t::time_ticks_t [0x00007FF6041EF2F8+128456]
	BaseThreadInitThunk [0x00007FFF4DBD7604+20]
	RtlUserThreadStart [0x00007FFF4EE226A1+33]
</msg>
</errors>
</robot>
